[ 2017-06-02T16:18:59+08:00 ] ::1 ::1 GET /dz/api.php/index/login/index
[ log ] localhost/dz/api.php/index/login/index [运行时间：0.760000s][吞吐率：1.32req/s] [内存消耗：1,374.01kb] [文件加载：52]
[ info ] [ LANG ] E:\phpstudy\WWW\dz\thinkphp\lang\zh-cn.php
[ info ] [ ROUTE ] array (
  'type' => 'module',
  'module' => 
  array (
    0 => 'index',
    1 => 'login',
    2 => 'index',
  ),
)
[ info ] [ HEADER ] array (
  'cookie' => 'pgv_pvi=4989484032; ka9Z_2132_saltkey=GK188f00; ka9Z_2132_lastvisit=1495096325; QWQq_2132_saltkey=r1nc50iL; QWQq_2132_lastvisit=1495605617; QWQq_2132_ulastactivity=fc6cdhT0BVSDurObu5wdSxt4n%2FdstQBDQgdAy7lqsLQ6j2cPUZzQ; QWQq_2132_lastcheckfeed=1%7C1495609256; QWQq_2132_nofavfid=1; QWQq_2132_visitedfid=2; QWQq_2132_editormode_e=1; QWQq_2132_smile=1D1',
  'accept-language' => 'zh-CN,zh;q=0.8',
  'accept-encoding' => 'gzip, deflate, sdch, br',
  'accept' => 'text/html,application/xhtml+xml,application/xml;q=0.9,image/webp,*/*;q=0.8',
  'user-agent' => 'Mozilla/5.0 (Windows NT 6.1; WOW64) AppleWebKit/537.36 (KHTML, like Gecko) Chrome/58.0.3029.110 Safari/537.36',
  'upgrade-insecure-requests' => '1',
  'connection' => 'close',
  'host' => 'localhost',
)
[ info ] [ PARAM ] array (
)
[ info ] [ RUN ] api\index\controller\Login->index[ E:\phpstudy\WWW\dz\api\index\controller\Login.php ]
[ info ] [ LOG ] INIT File
[ error ] [8]未定义数组索引: session_key[E:\phpstudy\WWW\dz\api\index\controller\Login.php:33]

---------------------------------------------------------------
[ 2017-06-02T16:19:23+08:00 ] ::1 ::1 GET /dz/api.php/index/login/index
[ log ] localhost/dz/api.php/index/login/index [运行时间：0.194000s][吞吐率：5.15req/s] [内存消耗：1,279.50kb] [文件加载：46]
[ info ] [ LANG ] E:\phpstudy\WWW\dz\thinkphp\lang\zh-cn.php
[ info ] [ ROUTE ] array (
  'type' => 'module',
  'module' => 
  array (
    0 => 'index',
    1 => 'login',
    2 => 'index',
  ),
)
[ info ] [ HEADER ] array (
  'cookie' => 'pgv_pvi=4989484032; ka9Z_2132_saltkey=GK188f00; ka9Z_2132_lastvisit=1495096325; QWQq_2132_saltkey=r1nc50iL; QWQq_2132_lastvisit=1495605617; QWQq_2132_ulastactivity=fc6cdhT0BVSDurObu5wdSxt4n%2FdstQBDQgdAy7lqsLQ6j2cPUZzQ; QWQq_2132_lastcheckfeed=1%7C1495609256; QWQq_2132_nofavfid=1; QWQq_2132_visitedfid=2; QWQq_2132_editormode_e=1; QWQq_2132_smile=1D1',
  'accept-language' => 'zh-CN,zh;q=0.8',
  'accept-encoding' => 'gzip, deflate, sdch, br',
  'accept' => 'text/html,application/xhtml+xml,application/xml;q=0.9,image/webp,*/*;q=0.8',
  'user-agent' => 'Mozilla/5.0 (Windows NT 6.1; WOW64) AppleWebKit/537.36 (KHTML, like Gecko) Chrome/58.0.3029.110 Safari/537.36',
  'upgrade-insecure-requests' => '1',
  'cache-control' => 'max-age=0',
  'connection' => 'close',
  'host' => 'localhost',
)
[ info ] [ PARAM ] array (
)
[ info ] [ RUN ] api\index\controller\Login->index[ E:\phpstudy\WWW\dz\api\index\controller\Login.php ]
[ info ] [ LOG ] INIT File

---------------------------------------------------------------
[ 2017-06-02T16:23:45+08:00 ] ::1 ::1 GET /dz/api.php/index/login/index
[ log ] localhost/dz/api.php/index/login/index [运行时间：0.201000s][吞吐率：4.98req/s] [内存消耗：1,279.51kb] [文件加载：46]
[ info ] [ LANG ] E:\phpstudy\WWW\dz\thinkphp\lang\zh-cn.php
[ info ] [ ROUTE ] array (
  'type' => 'module',
  'module' => 
  array (
    0 => 'index',
    1 => 'login',
    2 => 'index',
  ),
)
[ info ] [ HEADER ] array (
  'cookie' => 'pgv_pvi=4989484032; ka9Z_2132_saltkey=GK188f00; ka9Z_2132_lastvisit=1495096325; QWQq_2132_saltkey=r1nc50iL; QWQq_2132_lastvisit=1495605617; QWQq_2132_ulastactivity=fc6cdhT0BVSDurObu5wdSxt4n%2FdstQBDQgdAy7lqsLQ6j2cPUZzQ; QWQq_2132_lastcheckfeed=1%7C1495609256; QWQq_2132_nofavfid=1; QWQq_2132_visitedfid=2; QWQq_2132_editormode_e=1; QWQq_2132_smile=1D1',
  'accept-language' => 'zh-CN,zh;q=0.8',
  'accept-encoding' => 'gzip, deflate, sdch, br',
  'accept' => 'text/html,application/xhtml+xml,application/xml;q=0.9,image/webp,*/*;q=0.8',
  'user-agent' => 'Mozilla/5.0 (Windows NT 6.1; WOW64) AppleWebKit/537.36 (KHTML, like Gecko) Chrome/58.0.3029.110 Safari/537.36',
  'upgrade-insecure-requests' => '1',
  'cache-control' => 'max-age=0',
  'connection' => 'close',
  'host' => 'localhost',
)
[ info ] [ PARAM ] array (
)
[ info ] [ RUN ] api\index\controller\Login->index[ E:\phpstudy\WWW\dz\api\index\controller\Login.php ]
[ info ] [ LOG ] INIT File

---------------------------------------------------------------
[ 2017-06-02T16:28:37+08:00 ] ::1 ::1 GET /dz/api.php/index/login/index
[ log ] localhost/dz/api.php/index/login/index [运行时间：0.024000s][吞吐率：41.67req/s] [内存消耗：1,374.08kb] [文件加载：52]
[ info ] [ LANG ] E:\phpstudy\WWW\dz\thinkphp\lang\zh-cn.php
[ info ] [ ROUTE ] array (
  'type' => 'module',
  'module' => 
  array (
    0 => 'index',
    1 => 'login',
    2 => 'index',
  ),
)
[ info ] [ HEADER ] array (
  'cookie' => 'pgv_pvi=4989484032; ka9Z_2132_saltkey=GK188f00; ka9Z_2132_lastvisit=1495096325; QWQq_2132_saltkey=r1nc50iL; QWQq_2132_lastvisit=1495605617; QWQq_2132_ulastactivity=fc6cdhT0BVSDurObu5wdSxt4n%2FdstQBDQgdAy7lqsLQ6j2cPUZzQ; QWQq_2132_lastcheckfeed=1%7C1495609256; QWQq_2132_nofavfid=1; QWQq_2132_visitedfid=2; QWQq_2132_editormode_e=1; QWQq_2132_smile=1D1',
  'accept-language' => 'zh-CN,zh;q=0.8',
  'accept-encoding' => 'gzip, deflate, sdch, br',
  'accept' => 'text/html,application/xhtml+xml,application/xml;q=0.9,image/webp,*/*;q=0.8',
  'user-agent' => 'Mozilla/5.0 (Windows NT 6.1; WOW64) AppleWebKit/537.36 (KHTML, like Gecko) Chrome/58.0.3029.110 Safari/537.36',
  'upgrade-insecure-requests' => '1',
  'cache-control' => 'max-age=0',
  'connection' => 'close',
  'host' => 'localhost',
)
[ info ] [ PARAM ] array (
)
[ info ] [ RUN ] api\index\controller\Login->index[ E:\phpstudy\WWW\dz\api\index\controller\Login.php ]
[ info ] [ LOG ] INIT File
[ error ] [8]未定义变量: WXPAY_APPID[E:\phpstudy\WWW\dz\api\index\controller\Login.php:31]

---------------------------------------------------------------
[ 2017-06-02T16:29:54+08:00 ] ::1 ::1 GET /dz/api.php/index/login/index
[ log ] localhost/dz/api.php/index/login/index [运行时间：0.021000s][吞吐率：47.62req/s] [内存消耗：1,374.14kb] [文件加载：52]
[ info ] [ LANG ] E:\phpstudy\WWW\dz\thinkphp\lang\zh-cn.php
[ info ] [ ROUTE ] array (
  'type' => 'module',
  'module' => 
  array (
    0 => 'index',
    1 => 'login',
    2 => 'index',
  ),
)
[ info ] [ HEADER ] array (
  'cookie' => 'pgv_pvi=4989484032; ka9Z_2132_saltkey=GK188f00; ka9Z_2132_lastvisit=1495096325; QWQq_2132_saltkey=r1nc50iL; QWQq_2132_lastvisit=1495605617; QWQq_2132_ulastactivity=fc6cdhT0BVSDurObu5wdSxt4n%2FdstQBDQgdAy7lqsLQ6j2cPUZzQ; QWQq_2132_lastcheckfeed=1%7C1495609256; QWQq_2132_nofavfid=1; QWQq_2132_visitedfid=2; QWQq_2132_editormode_e=1; QWQq_2132_smile=1D1',
  'accept-language' => 'zh-CN,zh;q=0.8',
  'accept-encoding' => 'gzip, deflate, sdch, br',
  'accept' => 'text/html,application/xhtml+xml,application/xml;q=0.9,image/webp,*/*;q=0.8',
  'user-agent' => 'Mozilla/5.0 (Windows NT 6.1; WOW64) AppleWebKit/537.36 (KHTML, like Gecko) Chrome/58.0.3029.110 Safari/537.36',
  'upgrade-insecure-requests' => '1',
  'cache-control' => 'max-age=0',
  'connection' => 'close',
  'host' => 'localhost',
)
[ info ] [ PARAM ] array (
)
[ info ] [ RUN ] api\index\controller\Login->index[ E:\phpstudy\WWW\dz\api\index\controller\Login.php ]
[ info ] [ LOG ] INIT File
[ error ] [8]未定义变量: WXPAY_APPID[E:\phpstudy\WWW\dz\api\index\controller\Login.php:32]

---------------------------------------------------------------
[ 2017-06-02T16:30:02+08:00 ] ::1 ::1 GET /dz/api.php/index/login/index
[ log ] localhost/dz/api.php/index/login/index [运行时间：0.020000s][吞吐率：50.00req/s] [内存消耗：1,279.28kb] [文件加载：46]
[ info ] [ LANG ] E:\phpstudy\WWW\dz\thinkphp\lang\zh-cn.php
[ info ] [ ROUTE ] array (
  'type' => 'module',
  'module' => 
  array (
    0 => 'index',
    1 => 'login',
    2 => 'index',
  ),
)
[ info ] [ HEADER ] array (
  'cookie' => 'pgv_pvi=4989484032; ka9Z_2132_saltkey=GK188f00; ka9Z_2132_lastvisit=1495096325; QWQq_2132_saltkey=r1nc50iL; QWQq_2132_lastvisit=1495605617; QWQq_2132_ulastactivity=fc6cdhT0BVSDurObu5wdSxt4n%2FdstQBDQgdAy7lqsLQ6j2cPUZzQ; QWQq_2132_lastcheckfeed=1%7C1495609256; QWQq_2132_nofavfid=1; QWQq_2132_visitedfid=2; QWQq_2132_editormode_e=1; QWQq_2132_smile=1D1',
  'accept-language' => 'zh-CN,zh;q=0.8',
  'accept-encoding' => 'gzip, deflate, sdch, br',
  'accept' => 'text/html,application/xhtml+xml,application/xml;q=0.9,image/webp,*/*;q=0.8',
  'user-agent' => 'Mozilla/5.0 (Windows NT 6.1; WOW64) AppleWebKit/537.36 (KHTML, like Gecko) Chrome/58.0.3029.110 Safari/537.36',
  'upgrade-insecure-requests' => '1',
  'cache-control' => 'max-age=0',
  'connection' => 'close',
  'host' => 'localhost',
)
[ info ] [ PARAM ] array (
)
[ info ] [ RUN ] api\index\controller\Login->index[ E:\phpstudy\WWW\dz\api\index\controller\Login.php ]
[ info ] [ LOG ] INIT File

---------------------------------------------------------------
[ 2017-06-02T16:30:39+08:00 ] ::1 ::1 GET /dz/api.php/index/login/index
[ log ] localhost/dz/api.php/index/login/index [运行时间：0.023000s][吞吐率：43.48req/s] [内存消耗：1,369.33kb] [文件加载：52]
[ info ] [ LANG ] E:\phpstudy\WWW\dz\thinkphp\lang\zh-cn.php
[ info ] [ ROUTE ] array (
  'type' => 'module',
  'module' => 
  array (
    0 => 'index',
    1 => 'login',
    2 => 'index',
  ),
)
[ info ] [ HEADER ] array (
  'cookie' => 'pgv_pvi=4989484032; ka9Z_2132_saltkey=GK188f00; ka9Z_2132_lastvisit=1495096325; QWQq_2132_saltkey=r1nc50iL; QWQq_2132_lastvisit=1495605617; QWQq_2132_ulastactivity=fc6cdhT0BVSDurObu5wdSxt4n%2FdstQBDQgdAy7lqsLQ6j2cPUZzQ; QWQq_2132_lastcheckfeed=1%7C1495609256; QWQq_2132_nofavfid=1; QWQq_2132_visitedfid=2; QWQq_2132_editormode_e=1; QWQq_2132_smile=1D1',
  'accept-language' => 'zh-CN,zh;q=0.8',
  'accept-encoding' => 'gzip, deflate, sdch, br',
  'accept' => 'text/html,application/xhtml+xml,application/xml;q=0.9,image/webp,*/*;q=0.8',
  'user-agent' => 'Mozilla/5.0 (Windows NT 6.1; WOW64) AppleWebKit/537.36 (KHTML, like Gecko) Chrome/58.0.3029.110 Safari/537.36',
  'upgrade-insecure-requests' => '1',
  'cache-control' => 'max-age=0',
  'connection' => 'close',
  'host' => 'localhost',
)
[ info ] [ PARAM ] array (
)
[ info ] [ RUN ] api\index\controller\Login->index[ E:\phpstudy\WWW\dz\api\index\controller\Login.php ]
[ info ] [ LOG ] INIT File
[ error ] [8]Use of undefined constant WXPAY_APPID - assumed 'WXPAY_APPID'[E:\phpstudy\WWW\dz\api\index\controller\Login.php:31]

---------------------------------------------------------------
[ 2017-06-02T16:30:59+08:00 ] ::1 ::1 GET /dz/api.php/index/login/index
[ log ] localhost/dz/api.php/index/login/index [运行时间：0.016000s][吞吐率：62.50req/s] [内存消耗：1,259.37kb] [文件加载：43]
[ info ] [ LANG ] E:\phpstudy\WWW\dz\thinkphp\lang\zh-cn.php
[ info ] [ ROUTE ] array (
  'type' => 'module',
  'module' => 
  array (
    0 => 'index',
    1 => 'login',
    2 => 'index',
  ),
)
[ info ] [ HEADER ] array (
  'cookie' => 'pgv_pvi=4989484032; ka9Z_2132_saltkey=GK188f00; ka9Z_2132_lastvisit=1495096325; QWQq_2132_saltkey=r1nc50iL; QWQq_2132_lastvisit=1495605617; QWQq_2132_ulastactivity=fc6cdhT0BVSDurObu5wdSxt4n%2FdstQBDQgdAy7lqsLQ6j2cPUZzQ; QWQq_2132_lastcheckfeed=1%7C1495609256; QWQq_2132_nofavfid=1; QWQq_2132_visitedfid=2; QWQq_2132_editormode_e=1; QWQq_2132_smile=1D1',
  'accept-language' => 'zh-CN,zh;q=0.8',
  'accept-encoding' => 'gzip, deflate, sdch, br',
  'accept' => 'text/html,application/xhtml+xml,application/xml;q=0.9,image/webp,*/*;q=0.8',
  'user-agent' => 'Mozilla/5.0 (Windows NT 6.1; WOW64) AppleWebKit/537.36 (KHTML, like Gecko) Chrome/58.0.3029.110 Safari/537.36',
  'upgrade-insecure-requests' => '1',
  'cache-control' => 'max-age=0',
  'connection' => 'close',
  'host' => 'localhost',
)
[ info ] [ PARAM ] array (
)
[ info ] [ RUN ] api\index\controller\Login->index[ E:\phpstudy\WWW\dz\api\index\controller\Login.php ]
[ info ] [ LOG ] INIT File

---------------------------------------------------------------
[ 2017-06-02T16:31:46+08:00 ] ::1 ::1 GET /dz/api.php/index/login/index
[ log ] localhost/dz/api.php/index/login/index [运行时间：0.021000s][吞吐率：47.62req/s] [内存消耗：1,373.71kb] [文件加载：52]
[ info ] [ LANG ] E:\phpstudy\WWW\dz\thinkphp\lang\zh-cn.php
[ info ] [ ROUTE ] array (
  'type' => 'module',
  'module' => 
  array (
    0 => 'index',
    1 => 'login',
    2 => 'index',
  ),
)
[ info ] [ HEADER ] array (
  'cookie' => 'pgv_pvi=4989484032; ka9Z_2132_saltkey=GK188f00; ka9Z_2132_lastvisit=1495096325; QWQq_2132_saltkey=r1nc50iL; QWQq_2132_lastvisit=1495605617; QWQq_2132_ulastactivity=fc6cdhT0BVSDurObu5wdSxt4n%2FdstQBDQgdAy7lqsLQ6j2cPUZzQ; QWQq_2132_lastcheckfeed=1%7C1495609256; QWQq_2132_nofavfid=1; QWQq_2132_visitedfid=2; QWQq_2132_editormode_e=1; QWQq_2132_smile=1D1',
  'accept-language' => 'zh-CN,zh;q=0.8',
  'accept-encoding' => 'gzip, deflate, sdch, br',
  'accept' => 'text/html,application/xhtml+xml,application/xml;q=0.9,image/webp,*/*;q=0.8',
  'user-agent' => 'Mozilla/5.0 (Windows NT 6.1; WOW64) AppleWebKit/537.36 (KHTML, like Gecko) Chrome/58.0.3029.110 Safari/537.36',
  'upgrade-insecure-requests' => '1',
  'cache-control' => 'max-age=0',
  'connection' => 'close',
  'host' => 'localhost',
)
[ info ] [ PARAM ] array (
)
[ info ] [ RUN ] api\index\controller\Login->index[ E:\phpstudy\WWW\dz\api\index\controller\Login.php ]
[ info ] [ LOG ] INIT File
[ error ] [8]Use of undefined constant WXPAY_APPID - assumed 'WXPAY_APPID'[E:\phpstudy\WWW\dz\api\index\controller\Login.php:31]

---------------------------------------------------------------
[ 2017-06-02T16:32:02+08:00 ] ::1 ::1 GET /dz/api.php/index/login/index
[ log ] localhost/dz/api.php/index/login/index [运行时间：0.020000s][吞吐率：50.00req/s] [内存消耗：1,373.77kb] [文件加载：52]
[ info ] [ LANG ] E:\phpstudy\WWW\dz\thinkphp\lang\zh-cn.php
[ info ] [ ROUTE ] array (
  'type' => 'module',
  'module' => 
  array (
    0 => 'index',
    1 => 'login',
    2 => 'index',
  ),
)
[ info ] [ HEADER ] array (
  'cookie' => 'pgv_pvi=4989484032; ka9Z_2132_saltkey=GK188f00; ka9Z_2132_lastvisit=1495096325; QWQq_2132_saltkey=r1nc50iL; QWQq_2132_lastvisit=1495605617; QWQq_2132_ulastactivity=fc6cdhT0BVSDurObu5wdSxt4n%2FdstQBDQgdAy7lqsLQ6j2cPUZzQ; QWQq_2132_lastcheckfeed=1%7C1495609256; QWQq_2132_nofavfid=1; QWQq_2132_visitedfid=2; QWQq_2132_editormode_e=1; QWQq_2132_smile=1D1',
  'accept-language' => 'zh-CN,zh;q=0.8',
  'accept-encoding' => 'gzip, deflate, sdch, br',
  'accept' => 'text/html,application/xhtml+xml,application/xml;q=0.9,image/webp,*/*;q=0.8',
  'user-agent' => 'Mozilla/5.0 (Windows NT 6.1; WOW64) AppleWebKit/537.36 (KHTML, like Gecko) Chrome/58.0.3029.110 Safari/537.36',
  'upgrade-insecure-requests' => '1',
  'cache-control' => 'max-age=0',
  'connection' => 'close',
  'host' => 'localhost',
)
[ info ] [ PARAM ] array (
)
[ info ] [ RUN ] api\index\controller\Login->index[ E:\phpstudy\WWW\dz\api\index\controller\Login.php ]
[ info ] [ LOG ] INIT File
[ error ] [8]Use of undefined constant WXPAY_APPID - assumed 'WXPAY_APPID'[E:\phpstudy\WWW\dz\api\index\controller\Login.php:31]

---------------------------------------------------------------
[ 2017-06-02T16:32:32+08:00 ] ::1 ::1 GET /dz/api.php/index/login/index
[ log ] localhost/dz/api.php/index/login/index [运行时间：0.022000s][吞吐率：45.45req/s] [内存消耗：1,359.28kb] [文件加载：49]
[ info ] [ LANG ] E:\phpstudy\WWW\dz\thinkphp\lang\zh-cn.php
[ info ] [ ROUTE ] array (
  'type' => 'module',
  'module' => 
  array (
    0 => 'index',
    1 => 'login',
    2 => 'index',
  ),
)
[ info ] [ HEADER ] array (
  'cookie' => 'pgv_pvi=4989484032; ka9Z_2132_saltkey=GK188f00; ka9Z_2132_lastvisit=1495096325; QWQq_2132_saltkey=r1nc50iL; QWQq_2132_lastvisit=1495605617; QWQq_2132_ulastactivity=fc6cdhT0BVSDurObu5wdSxt4n%2FdstQBDQgdAy7lqsLQ6j2cPUZzQ; QWQq_2132_lastcheckfeed=1%7C1495609256; QWQq_2132_nofavfid=1; QWQq_2132_visitedfid=2; QWQq_2132_editormode_e=1; QWQq_2132_smile=1D1',
  'accept-language' => 'zh-CN,zh;q=0.8',
  'accept-encoding' => 'gzip, deflate, sdch, br',
  'accept' => 'text/html,application/xhtml+xml,application/xml;q=0.9,image/webp,*/*;q=0.8',
  'user-agent' => 'Mozilla/5.0 (Windows NT 6.1; WOW64) AppleWebKit/537.36 (KHTML, like Gecko) Chrome/58.0.3029.110 Safari/537.36',
  'upgrade-insecure-requests' => '1',
  'cache-control' => 'max-age=0',
  'connection' => 'close',
  'host' => 'localhost',
)
[ info ] [ PARAM ] array (
)
[ info ] [ RUN ] api\index\controller\Login->index[ E:\phpstudy\WWW\dz\api\index\controller\Login.php ]
[ info ] [ LOG ] INIT File
[ error ] [8]Use of undefined constant WXPAY_APPID - assumed 'WXPAY_APPID'[E:\phpstudy\WWW\dz\api\common.php:70]

---------------------------------------------------------------
[ 2017-06-02T16:32:41+08:00 ] ::1 ::1 GET /dz/api.php/index/login/index
[ log ] localhost/dz/api.php/index/login/index [运行时间：0.020000s][吞吐率：50.00req/s] [内存消耗：1,279.02kb] [文件加载：46]
[ info ] [ LANG ] E:\phpstudy\WWW\dz\thinkphp\lang\zh-cn.php
[ info ] [ ROUTE ] array (
  'type' => 'module',
  'module' => 
  array (
    0 => 'index',
    1 => 'login',
    2 => 'index',
  ),
)
[ info ] [ HEADER ] array (
  'cookie' => 'pgv_pvi=4989484032; ka9Z_2132_saltkey=GK188f00; ka9Z_2132_lastvisit=1495096325; QWQq_2132_saltkey=r1nc50iL; QWQq_2132_lastvisit=1495605617; QWQq_2132_ulastactivity=fc6cdhT0BVSDurObu5wdSxt4n%2FdstQBDQgdAy7lqsLQ6j2cPUZzQ; QWQq_2132_lastcheckfeed=1%7C1495609256; QWQq_2132_nofavfid=1; QWQq_2132_visitedfid=2; QWQq_2132_editormode_e=1; QWQq_2132_smile=1D1',
  'accept-language' => 'zh-CN,zh;q=0.8',
  'accept-encoding' => 'gzip, deflate, sdch, br',
  'accept' => 'text/html,application/xhtml+xml,application/xml;q=0.9,image/webp,*/*;q=0.8',
  'user-agent' => 'Mozilla/5.0 (Windows NT 6.1; WOW64) AppleWebKit/537.36 (KHTML, like Gecko) Chrome/58.0.3029.110 Safari/537.36',
  'upgrade-insecure-requests' => '1',
  'cache-control' => 'max-age=0',
  'connection' => 'close',
  'host' => 'localhost',
)
[ info ] [ PARAM ] array (
)
[ info ] [ RUN ] api\index\controller\Login->index[ E:\phpstudy\WWW\dz\api\index\controller\Login.php ]
[ info ] [ LOG ] INIT File

---------------------------------------------------------------
[ 2017-06-02T16:32:52+08:00 ] ::1 ::1 GET /dz/api.php/index/login/index
[ log ] localhost/dz/api.php/index/login/index [运行时间：0.622000s][吞吐率：1.61req/s] [内存消耗：1,279.51kb] [文件加载：46]
[ info ] [ LANG ] E:\phpstudy\WWW\dz\thinkphp\lang\zh-cn.php
[ info ] [ ROUTE ] array (
  'type' => 'module',
  'module' => 
  array (
    0 => 'index',
    1 => 'login',
    2 => 'index',
  ),
)
[ info ] [ HEADER ] array (
  'cookie' => 'pgv_pvi=4989484032; ka9Z_2132_saltkey=GK188f00; ka9Z_2132_lastvisit=1495096325; QWQq_2132_saltkey=r1nc50iL; QWQq_2132_lastvisit=1495605617; QWQq_2132_ulastactivity=fc6cdhT0BVSDurObu5wdSxt4n%2FdstQBDQgdAy7lqsLQ6j2cPUZzQ; QWQq_2132_lastcheckfeed=1%7C1495609256; QWQq_2132_nofavfid=1; QWQq_2132_visitedfid=2; QWQq_2132_editormode_e=1; QWQq_2132_smile=1D1',
  'accept-language' => 'zh-CN,zh;q=0.8',
  'accept-encoding' => 'gzip, deflate, sdch, br',
  'accept' => 'text/html,application/xhtml+xml,application/xml;q=0.9,image/webp,*/*;q=0.8',
  'user-agent' => 'Mozilla/5.0 (Windows NT 6.1; WOW64) AppleWebKit/537.36 (KHTML, like Gecko) Chrome/58.0.3029.110 Safari/537.36',
  'upgrade-insecure-requests' => '1',
  'cache-control' => 'max-age=0',
  'connection' => 'close',
  'host' => 'localhost',
)
[ info ] [ PARAM ] array (
)
[ info ] [ RUN ] api\index\controller\Login->index[ E:\phpstudy\WWW\dz\api\index\controller\Login.php ]
[ info ] [ LOG ] INIT File

---------------------------------------------------------------
[ 2017-06-02T16:34:56+08:00 ] ::1 ::1 GET /dz/api.php/index/login/index
[ log ] localhost/dz/api.php/index/login/index [运行时间：0.196000s][吞吐率：5.10req/s] [内存消耗：1,279.51kb] [文件加载：46]
[ info ] [ LANG ] E:\phpstudy\WWW\dz\thinkphp\lang\zh-cn.php
[ info ] [ ROUTE ] array (
  'type' => 'module',
  'module' => 
  array (
    0 => 'index',
    1 => 'login',
    2 => 'index',
  ),
)
[ info ] [ HEADER ] array (
  'cookie' => 'pgv_pvi=4989484032; ka9Z_2132_saltkey=GK188f00; ka9Z_2132_lastvisit=1495096325; QWQq_2132_saltkey=r1nc50iL; QWQq_2132_lastvisit=1495605617; QWQq_2132_ulastactivity=fc6cdhT0BVSDurObu5wdSxt4n%2FdstQBDQgdAy7lqsLQ6j2cPUZzQ; QWQq_2132_lastcheckfeed=1%7C1495609256; QWQq_2132_nofavfid=1; QWQq_2132_visitedfid=2; QWQq_2132_editormode_e=1; QWQq_2132_smile=1D1',
  'accept-language' => 'zh-CN,zh;q=0.8',
  'accept-encoding' => 'gzip, deflate, sdch, br',
  'accept' => 'text/html,application/xhtml+xml,application/xml;q=0.9,image/webp,*/*;q=0.8',
  'user-agent' => 'Mozilla/5.0 (Windows NT 6.1; WOW64) AppleWebKit/537.36 (KHTML, like Gecko) Chrome/58.0.3029.110 Safari/537.36',
  'upgrade-insecure-requests' => '1',
  'cache-control' => 'max-age=0',
  'connection' => 'close',
  'host' => 'localhost',
)
[ info ] [ PARAM ] array (
)
[ info ] [ RUN ] api\index\controller\Login->index[ E:\phpstudy\WWW\dz\api\index\controller\Login.php ]
[ info ] [ LOG ] INIT File

---------------------------------------------------------------
[ 2017-06-02T16:34:58+08:00 ] ::1 ::1 GET /dz/api.php/index/login/index
[ log ] localhost/dz/api.php/index/login/index [运行时间：0.221000s][吞吐率：4.52req/s] [内存消耗：1,279.51kb] [文件加载：46]
[ info ] [ LANG ] E:\phpstudy\WWW\dz\thinkphp\lang\zh-cn.php
[ info ] [ ROUTE ] array (
  'type' => 'module',
  'module' => 
  array (
    0 => 'index',
    1 => 'login',
    2 => 'index',
  ),
)
[ info ] [ HEADER ] array (
  'cookie' => 'pgv_pvi=4989484032; ka9Z_2132_saltkey=GK188f00; ka9Z_2132_lastvisit=1495096325; QWQq_2132_saltkey=r1nc50iL; QWQq_2132_lastvisit=1495605617; QWQq_2132_ulastactivity=fc6cdhT0BVSDurObu5wdSxt4n%2FdstQBDQgdAy7lqsLQ6j2cPUZzQ; QWQq_2132_lastcheckfeed=1%7C1495609256; QWQq_2132_nofavfid=1; QWQq_2132_visitedfid=2; QWQq_2132_editormode_e=1; QWQq_2132_smile=1D1',
  'accept-language' => 'zh-CN,zh;q=0.8',
  'accept-encoding' => 'gzip, deflate, sdch, br',
  'accept' => 'text/html,application/xhtml+xml,application/xml;q=0.9,image/webp,*/*;q=0.8',
  'user-agent' => 'Mozilla/5.0 (Windows NT 6.1; WOW64) AppleWebKit/537.36 (KHTML, like Gecko) Chrome/58.0.3029.110 Safari/537.36',
  'upgrade-insecure-requests' => '1',
  'cache-control' => 'max-age=0',
  'connection' => 'close',
  'host' => 'localhost',
)
[ info ] [ PARAM ] array (
)
[ info ] [ RUN ] api\index\controller\Login->index[ E:\phpstudy\WWW\dz\api\index\controller\Login.php ]
[ info ] [ LOG ] INIT File

---------------------------------------------------------------
[ 2017-06-02T16:34:58+08:00 ] ::1 ::1 GET /dz/api.php/index/login/index
[ log ] localhost/dz/api.php/index/login/index [运行时间：0.157000s][吞吐率：6.37req/s] [内存消耗：1,279.51kb] [文件加载：46]
[ info ] [ LANG ] E:\phpstudy\WWW\dz\thinkphp\lang\zh-cn.php
[ info ] [ ROUTE ] array (
  'type' => 'module',
  'module' => 
  array (
    0 => 'index',
    1 => 'login',
    2 => 'index',
  ),
)
[ info ] [ HEADER ] array (
  'cookie' => 'pgv_pvi=4989484032; ka9Z_2132_saltkey=GK188f00; ka9Z_2132_lastvisit=1495096325; QWQq_2132_saltkey=r1nc50iL; QWQq_2132_lastvisit=1495605617; QWQq_2132_ulastactivity=fc6cdhT0BVSDurObu5wdSxt4n%2FdstQBDQgdAy7lqsLQ6j2cPUZzQ; QWQq_2132_lastcheckfeed=1%7C1495609256; QWQq_2132_nofavfid=1; QWQq_2132_visitedfid=2; QWQq_2132_editormode_e=1; QWQq_2132_smile=1D1',
  'accept-language' => 'zh-CN,zh;q=0.8',
  'accept-encoding' => 'gzip, deflate, sdch, br',
  'accept' => 'text/html,application/xhtml+xml,application/xml;q=0.9,image/webp,*/*;q=0.8',
  'user-agent' => 'Mozilla/5.0 (Windows NT 6.1; WOW64) AppleWebKit/537.36 (KHTML, like Gecko) Chrome/58.0.3029.110 Safari/537.36',
  'upgrade-insecure-requests' => '1',
  'cache-control' => 'max-age=0',
  'connection' => 'close',
  'host' => 'localhost',
)
[ info ] [ PARAM ] array (
)
[ info ] [ RUN ] api\index\controller\Login->index[ E:\phpstudy\WWW\dz\api\index\controller\Login.php ]
[ info ] [ LOG ] INIT File

---------------------------------------------------------------
[ 2017-06-02T16:34:59+08:00 ] ::1 ::1 GET /dz/api.php/index/login/index
[ log ] localhost/dz/api.php/index/login/index [运行时间：0.191000s][吞吐率：5.24req/s] [内存消耗：1,279.51kb] [文件加载：46]
[ info ] [ LANG ] E:\phpstudy\WWW\dz\thinkphp\lang\zh-cn.php
[ info ] [ ROUTE ] array (
  'type' => 'module',
  'module' => 
  array (
    0 => 'index',
    1 => 'login',
    2 => 'index',
  ),
)
[ info ] [ HEADER ] array (
  'cookie' => 'pgv_pvi=4989484032; ka9Z_2132_saltkey=GK188f00; ka9Z_2132_lastvisit=1495096325; QWQq_2132_saltkey=r1nc50iL; QWQq_2132_lastvisit=1495605617; QWQq_2132_ulastactivity=fc6cdhT0BVSDurObu5wdSxt4n%2FdstQBDQgdAy7lqsLQ6j2cPUZzQ; QWQq_2132_lastcheckfeed=1%7C1495609256; QWQq_2132_nofavfid=1; QWQq_2132_visitedfid=2; QWQq_2132_editormode_e=1; QWQq_2132_smile=1D1',
  'accept-language' => 'zh-CN,zh;q=0.8',
  'accept-encoding' => 'gzip, deflate, sdch, br',
  'accept' => 'text/html,application/xhtml+xml,application/xml;q=0.9,image/webp,*/*;q=0.8',
  'user-agent' => 'Mozilla/5.0 (Windows NT 6.1; WOW64) AppleWebKit/537.36 (KHTML, like Gecko) Chrome/58.0.3029.110 Safari/537.36',
  'upgrade-insecure-requests' => '1',
  'cache-control' => 'max-age=0',
  'connection' => 'close',
  'host' => 'localhost',
)
[ info ] [ PARAM ] array (
)
[ info ] [ RUN ] api\index\controller\Login->index[ E:\phpstudy\WWW\dz\api\index\controller\Login.php ]
[ info ] [ LOG ] INIT File

---------------------------------------------------------------
